[25909][1708971016066][main][info]["Booting Postman 10.23.5, linux-6.6.10-76060610-generic on x64"]
[25909][1708971016071][main][info]["EventBus~initialize - Success"]
[25909][1708971016074][main][info]["Proxy configuration has not been setup"]
[25909][1708971016075][main][info]["CloudProxyManager~init - Success"]
[25909][1708971016081][main][info]["performShellDataMigration: Starting shell data migration"]
[25909][1708971016081][main][info]["migrateShellData:Starting"]
[25909][1708971016107][main][info]["migrateShellData: Old storage cleaned up"]
[25909][1708971016410][main][info]["migrateShellData: Got data from shell. Writing to storage"]
[25909][1708971016417][main][info]["performShellDataMigration: Migration successful on try count 1"]
[25909][1708971016429][main][info]["UpdateHandler~init - Success"]
[25909][1708971016432][main][info]["LeaderSelection: Initialized successfully"]
[25909][1708971016434][main][info]["VersionDependencyService: Initialized successfully"]
[25909][1708971016463][main][info]["Generated root certificate for linux"]
[25909][1708971016468][main][info]["LinuxAutoUpdater~Cleanup - Initial cleanup successful"]
[25909][1708971016514][main][info]["GPU detected VID 4318 DID 7817 ACTIVE true"]
[25909][1708971016549][main][info]["shellController~init: Success"]
[25909][1708971016560][main][info]["shellMeta~init: Success"]
[25909][1708971016561][main][info]["partitionMigrationService: State of V7 partition:"]
[25909][1708971016561][main][info]["partitionMigrationService: V7 partitions",[]]
[25909][1708971016562][main][info]["partitionMigrationService~rectifyNamespaceOfScratchPadPartition: There is no partition with scratchpad namespace"]
[25909][1708971016563][main][info]["partitionMigrationService~rectifyNamespaceOfScratchPadPartition: There is no transit partition which could have been used for scratchpad"]
[25909][1708971016563][main][info]["partitionMigrationService~init: Success"]
[25909][1708971016580][main][info]["partitionMigrationService~runV8PartitionsIntegrity: Two way migration~ removing the following partitions from v8",[]]
[25909][1708971016593][main][info]["userPartitionService~_rectifyTheActivePartitionOfApplication: Setting the active partition to ",null]
[25909][1708971016607][main][info]["userPartitionService~init: Success"]
[25909][1708971016634][main][info]["userPartitionService: State of v8 partition system:"]
[25909][1708971016687][main][info]["shell~init~getPartitionToLoad: loading scratchpad partition"]
[25909][1708971016690][main][info]["userPartitionService: List of partitions:",[]]
[25909][1708971016691][main][info]["userPartitionService: users global meta:",{}]
[25909][1708971016792][main][info]["proxyCertificateService~ensureRootCAPresence: Deleting and creating new certificates"]
[25909][1708971021219][main][info]["RuntimeIPCAgent~started: Success"]
[25909][1708971021982][main][info]["Main~scratchpadThemeAction:: action: set, value: dark"]
[25909][1708971021989][main][info]["Main~scratchpadThemeAction:: action: set, value: dark"]
[25909][1708971022002][main][info]["Main~scratchpadThemeAction:: action: set, value: dark"]
[25909][1708971022042][main][info]["UpdateHandler~app-update-events - Received event",{"name":"checkForElectronVersionUpdated","namespace":"appUpdate"}]
[25909][1708971022056][main][info]["windowManager: First requester booted successfully."]
[25909][1708971022057][main][info]["windowManager~restoreWindows: Restoring requester windows"]
[25909][1708971022057][main][info]["Main~AppEvents - Received booted event for process requester.Version undefined UI Version: undefined Desktop Platform Version: 10.23.5"]
[25909][1708971025531][main][info]["VersionDependencyService: Resetting UI version as user logged out/switched account"]
[25909][1708971025532][main][info]["Main - model-events~user - (users, add) received"]
[25909][1708971026251][main][warn]["AuthHandler~open: Current app is not default protocol client - Falling back to polling mechanism."]
[25909][1708971054137][main][info]["Shell~init~loginUser: associating the user ","31686413"," with transit partition"]
[25909][1708971054138][main][info]["userPartitionService~getNewPartitionId: creating a partition with userId and teamId as 0"]
[25909][1708971054179][main][info]["userPartitionService~associateTransitPartition: ",{"partitionId":"e086444a-82ef-4729-be0e-97c771c068ea","context":{"namespace":"users","userId":"31686413","teamId":"0"}}]
[25909][1708971054226][main][info]["userPartitionService: State of v8 partition system:"]
[25909][1708971054261][main][info]["userPartitionService: List of partitions:",[{"partitionId":"e086444a-82ef-4729-be0e-97c771c068ea","namespace":"users","userId":"31686413","teamId":"0","lastUpdated":"2024-02-26T18:10:54.179Z"},{"partitionId":"f8d8f662-262a-4b8e-a6b7-074fd2f72048","namespace":"scratchPad","userId":0,"teamId":0,"isDirty":false}]]
[25909][1708971054262][main][info]["userPartitionService: users global meta:",{}]
[25909][1708971067161][main][info]["Main~getRemoteInitPath:: "]
[25909][1708971067979][main][info]["Main - model-events~user - (user, update) received"]
[25909][1708971067981][main][info]["Main~reload: https://desktop.postman.com/?desktopVersion=10.23.5&userId=31686413&teamId=0"]
[25909][1708971073657][main][info]["Main~getRemoteInitPath:: "]
[25909][1708971074243][main][info]["Main - model-events~user - (user, update) received"]
[25909][1708971074985][main][info]["UpdateHandler~app-update-events - Received event",{"name":"checkForElectronVersionUpdated","namespace":"appUpdate"}]
[25909][1708971075020][main][info]["windowManager: First requester booted successfully."]
[25909][1708971075020][main][info]["windowManager~restoreWindows: Restoring requester windows"]
[25909][1708971075021][main][info]["Main~AppEvents - Received booted event for process requester.Version 10.23.5 UI Version: 10.23.5-ui-240220-1406 Desktop Platform Version: 10.23.5"]
[25909][1708971075250][main][info]["Main~getRemoteInitPath:: "]
[25909][1708971076423][main][info]["INTERCEPTOR CONNECTIVITY: Attempting to start websocket server on port 15611"]
[25909][1708971079305][main][info]["Main~getPlatformLaunchPerfMetrics"]
[25909][1708971079334][main][info]["Main - model-events~user - (user, bootstrapUser) received"]
[25909][1708971079334][main][info]["model-events~user - bootstrapUser received"]
[25909][1708971079364][main][info]["userPartitionService~associateTransitPartition: ",{"partitionId":"e086444a-82ef-4729-be0e-97c771c068ea","context":{"namespace":"users","userId":"31686413","teamId":"0"}}]
[25909][1708971079402][main][info]["userPartitionService: State of v8 partition system:"]
[25909][1708971079411][main][info]["userPartitionService: List of partitions:",[{"partitionId":"e086444a-82ef-4729-be0e-97c771c068ea","namespace":"users","userId":"31686413","teamId":"0","lastUpdated":"2024-02-26T18:11:19.364Z"},{"partitionId":"f8d8f662-262a-4b8e-a6b7-074fd2f72048","namespace":"scratchPad","userId":0,"teamId":0,"isDirty":false}]]
[25909][1708971079412][main][info]["userPartitionService: users global meta:",{}]
[25909][1708971079477][main][info]["Main - model-events~user - (user, bootstrapUser) received"]
[25909][1708971079478][main][info]["model-events~user - bootstrapUser received"]
[25909][1708971079502][main][info]["userPartitionService~associateTransitPartition: ",{"partitionId":"e086444a-82ef-4729-be0e-97c771c068ea","context":{"namespace":"users","userId":"31686413","teamId":"0"}}]
[25909][1708971079541][main][info]["userPartitionService: State of v8 partition system:"]
[25909][1708971079549][main][info]["userPartitionService: List of partitions:",[{"partitionId":"e086444a-82ef-4729-be0e-97c771c068ea","namespace":"users","userId":"31686413","teamId":"0","lastUpdated":"2024-02-26T18:11:19.502Z"},{"partitionId":"f8d8f662-262a-4b8e-a6b7-074fd2f72048","namespace":"scratchPad","userId":0,"teamId":0,"isDirty":false}]]
[25909][1708971079550][main][info]["userPartitionService: users global meta:",{}]
[2026570][1729240057111][main][info]["Booting Postman 10.23.5, linux-6.9.3-76060903-generic on x64"]
[2026570][1729240057117][main][info]["EventBus~initialize - Success"]
[2026570][1729240057131][main][info]["Proxy configuration has not been setup"]
[2026570][1729240057138][main][info]["CloudProxyManager~init - Success"]
[2026570][1729240057223][main][info]["performShellDataMigration: Migration has already been done. Bailing out"]
[2026570][1729240057256][main][info]["UpdateHandler~init - Success"]
[2026570][1729240057265][main][info]["LeaderSelection: Initialized successfully"]
[2026570][1729240057271][main][info]["VersionDependencyService: Initialized successfully"]
[2026570][1729240057307][main][info]["LinuxAutoUpdater~Cleanup - Initial cleanup successful"]
[2026570][1729240057409][main][info]["GPU detected VID 4318 DID 7817 ACTIVE true"]
[2026570][1729240057500][main][info]["shellController~init: Success"]
[2026570][1729240057611][main][info]["shellMeta~init: Success"]
[2026570][1729240057615][main][info]["partitionMigrationService: State of V7 partition:"]
[2026570][1729240057619][main][info]["partitionMigrationService: V7 partitions",[]]
[2026570][1729240057620][main][info]["partitionMigrationService~rectifyNamespaceOfScratchPadPartition: There is no partition with scratchpad namespace"]
[2026570][1729240057621][main][info]["partitionMigrationService~rectifyNamespaceOfScratchPadPartition: There is no transit partition which could have been used for scratchpad"]
[2026570][1729240057622][main][info]["partitionMigrationService~init: Success"]
[2026570][1729240057749][main][info]["partitionMigrationService~runV8PartitionsIntegrity: Two way migration~ removing the following partitions from v8",[]]
[2026570][1729240057790][main][info]["userPartitionService~getRecentV8UserPartition: recent v8 user context partition ","e086444a-82ef-4729-be0e-97c771c068ea"]
[2026570][1729240057792][main][info]["userPartitionService~_rectifyTheActivePartitionOfApplication: Setting the active partition to ","e086444a-82ef-4729-be0e-97c771c068ea"]
[2026570][1729240057841][main][info]["userPartitionService~init: Success"]
[2026570][1729240057954][main][info]["userPartitionService: State of v8 partition system:"]
[2026570][1729240058016][main][info]["shell~init~getPartitionToLoad: loading active partition"]
[2026570][1729240058045][main][info]["userPartitionService: List of partitions:",[{"partitionId":"e086444a-82ef-4729-be0e-97c771c068ea","namespace":"users","userId":"31686413","teamId":"0","lastUpdated":"2024-02-26T18:11:19.502Z"},{"partitionId":"f8d8f662-262a-4b8e-a6b7-074fd2f72048","namespace":"scratchPad","userId":0,"teamId":0,"isDirty":false}]]
[2026570][1729240058046][main][info]["userPartitionService: users global meta:",{}]
[2026570][1729240065134][main][info]["RuntimeIPCAgent~started: Success"]
[2026570][1729240072612][main][info]["Main~getRemoteInitPath:: "]
[2026570][1729240074389][main][info]["UpdateHandler~app-update-events - Received event",{"name":"checkForElectronVersionUpdated","namespace":"appUpdate"}]
[2026570][1729240074555][main][info]["windowManager: First requester booted successfully."]
[2026570][1729240074558][main][info]["windowManager~restoreWindows: Restoring requester windows"]
[2026570][1729240074559][main][info]["Main~AppEvents - Received booted event for process requester.Version 10.23.5 UI Version: 10.23.5-ui-240220-1406 Desktop Platform Version: 10.23.5"]
[2026570][1729240075445][main][info]["Main~getRemoteInitPath:: "]
[2026570][1729240077162][main][info]["INTERCEPTOR CONNECTIVITY: Attempting to start websocket server on port 15611"]
[2026570][1729240081138][main][info]["Main~getPlatformLaunchPerfMetrics"]
[2026570][1729240081220][main][info]["Main - model-events~user - (user, bootstrapUser) received"]
[2026570][1729240081222][main][info]["model-events~user - bootstrapUser received"]
[2026570][1729240085214][main][info]["UpdateHandler~app-update-events - Received event",{"name":"updateElectron","namespace":"appUpdate","data":{"channel":"stable","version":"10.23.5","downloadVersion":"10.24.26","appId":"7d0eebff-e29d-4ca1-ac21-1d495ddfda47","userAgent":"Mozilla/5.0 (X11; Linux x86_64) AppleWebKit/537.36 (KHTML, like Gecko) Postman/10.23.5 Electron/20.3.11 Safari/537.36","platform":"LINUX","arch":"64","downloadURL":"https://dl.pstmn.io/download/version/10.24.26/linux_64","updateServerDomain":"https://dl.pstmn.io/","additionalParamsString":"installationId=7d0eebff-e29d-4ca1-ac21-1d495ddfda47&userId=31686413&syncEnabled=true&teamPlan=&teamId=0","userId":"31686413"}}]
[2026570][1729240085216][main][info]["LinuxUpdater~downloadUpdate - UpdateInfo received",{"channel":"stable","version":"10.23.5","downloadVersion":"10.24.26","appId":"7d0eebff-e29d-4ca1-ac21-1d495ddfda47","userAgent":"Mozilla/5.0 (X11; Linux x86_64) AppleWebKit/537.36 (KHTML, like Gecko) Postman/10.23.5 Electron/20.3.11 Safari/537.36","platform":"LINUX","arch":"64","downloadURL":"https://dl.pstmn.io/download/version/10.24.26/linux_64","updateServerDomain":"https://dl.pstmn.io/","additionalParamsString":"installationId=7d0eebff-e29d-4ca1-ac21-1d495ddfda47&userId=31686413&syncEnabled=true&teamPlan=&teamId=0","userId":"31686413"}]
[2026570][1729240093735][main][info]["Main - model-events~user - (authentication, reauthenticate) received"]
[2026570][1729240096429][main][warn]["AuthHandler~open: Current app is not default protocol client - Falling back to polling mechanism."]
[2026570][1729240195249][main][info]["LinuxAutoUpdater~Extraction completed",{"packageName":"Postman","eID":"Postman-1729240085218","downloadURL":"https://dl.pstmn.io/download/version/10.24.26/linux_64","downloadDirectory":"/home/passh/Descargas/Postman","downloadInfo":{"status":"DOWNLOAD_COMPLETED","error":null,"downloadDirectory":"/home/passh/Descargas/Postman"},"extractInfo":{"status":"EXTRACTION_SUCCESSFUL","error":null,"extractDirectory":"/home/passh/Descargas/Postman","standardOutput":"","standardError":""}}]
[2026570][1729240195250][main][info]["@postman/app-updater: Update updateDownloaded","","Postman 10.24.26","","https://dl.pstmn.io/download/version/10.24.26/linux_64"]
[2026570][1729240195252][main][info]["UpdateHandler~app-update-events - Received event",{"name":"electronAppUpdateDownloaded","namespace":"appUpdate","data":{"releaseName":"Postman 10.24.26","notes":"","date":"","URL":"https://dl.pstmn.io/download/version/10.24.26/linux_64"}}]
[2026570][1729240382800][main][info]["Quitting app"]
[2026570][1729240382816][main][info]["Applying update and quit the app"]
[2026570][1729240382818][main][info]["@postman/app-updater: quitting app to update"]
[2026570][1729240382819][main][info]["LinuxAutoUpdater~quitAndInstall - Initiated"]
[2026570][1729240382821][main][info]["LinuxAutoUpdater~quitAndInstall - Quitting for update"]
[2026570][1729240383011][main][info]["userPartitionService: State of v8 partition system:"]
[2037814][1729240390613][main][info]["Booting Postman 10.24.26, linux-6.9.3-76060903-generic on x64"]
[2037814][1729240390621][main][info]["EventBus~initialize - Success"]
[2037814][1729240390643][main][info]["Proxy configuration has not been setup"]
[2037814][1729240390661][main][info]["CloudProxyManager~init - Success"]
[2037814][1729240390737][main][info]["performShellDataMigration: Migration has already been done. Bailing out"]
[2037814][1729240390753][main][info]["UpdateHandler~init - Success"]
[2037814][1729240390758][main][info]["LeaderSelection: Initialized successfully"]
[2037814][1729240390760][main][info]["VersionDependencyService: Initialized successfully"]
[2037814][1729240392674][main][info]["GPU detected VID 4318 DID 7817 ACTIVE true"]
[2037814][1729240397112][main][info]["LinuxAutoUpdater~Cleanup - Initial cleanup successful"]
[2037814][1729240397130][main][info]["shellController~init: Success"]
[2037814][1729240397159][main][info]["shellMeta~init: Success"]
[2037814][1729240397161][main][info]["partitionMigrationService: State of V7 partition:"]
[2037814][1729240397162][main][info]["partitionMigrationService: V7 partitions",[]]
[2037814][1729240397163][main][info]["partitionMigrationService~rectifyNamespaceOfScratchPadPartition: There is no partition with scratchpad namespace"]
[2037814][1729240397164][main][info]["partitionMigrationService~rectifyNamespaceOfScratchPadPartition: There is no transit partition which could have been used for scratchpad"]
[2037814][1729240397164][main][info]["partitionMigrationService~init: Success"]
[2037814][1729240397224][main][info]["partitionMigrationService~runV8PartitionsIntegrity: Two way migration~ removing the following partitions from v8",[]]
[2037814][1729240397252][main][info]["userPartitionService~getRecentV8UserPartition: recent v8 user context partition ","e086444a-82ef-4729-be0e-97c771c068ea"]
[2037814][1729240397256][main][info]["userPartitionService~_rectifyTheActivePartitionOfApplication: Setting the active partition to ","e086444a-82ef-4729-be0e-97c771c068ea"]
[2037814][1729240397324][main][info]["userPartitionService~init: Success"]
[2037814][1729240397364][main][info]["userPartitionService: State of v8 partition system:"]
[2037814][1729240397368][main][info]["shell~init~getPartitionToLoad: loading active partition"]
[2037814][1729240397389][main][info]["userPartitionService: List of partitions:",[{"partitionId":"e086444a-82ef-4729-be0e-97c771c068ea","namespace":"users","userId":"31686413","teamId":"0","lastUpdated":"2024-02-26T18:11:19.502Z"},{"partitionId":"f8d8f662-262a-4b8e-a6b7-074fd2f72048","namespace":"scratchPad","userId":0,"teamId":0,"isDirty":false}]]
[2037814][1729240397392][main][info]["userPartitionService: users global meta:",{}]
[2037814][1729240401395][main][info]["RuntimeIPCAgent~started: Success"]
[2037814][1729240409881][main][info]["Main~getRemoteInitPath:: "]
[2037814][1729240412720][main][info]["UpdateHandler~app-update-events - Received event",{"name":"checkForElectronVersionUpdated","namespace":"appUpdate"}]
[2037814][1729240412777][main][info]["windowManager: First requester booted successfully."]
[2037814][1729240412780][main][info]["windowManager~restoreWindows: Restoring requester windows"]
[2037814][1729240412782][main][info]["Main~AppEvents - Received booted event for process requester.Version 10.24.27 UI Version: 10.24.27-ui-240731-0944 Desktop Platform Version: 10.24.26"]
[2037814][1729240412797][main][info]["@postman/app-updater: version Updated","10.23.5","10.24.26"]
[2037814][1729240412798][main][info]["UpdateHandler~app-update-events - Received event",{"name":"electronVersionUpdated","namespace":"appUpdate","data":{"lastKnownVersion":"10.23.5","currentVersion":"10.24.26"}}]
[2037814][1729240413347][main][info]["Main~getRemoteInitPath:: "]
[2037814][1729240414867][main][info]["INTERCEPTOR CONNECTIVITY: Attempting to start websocket server on port 15611"]
[2037814][1729240418015][main][info]["Main - model-events~user - (user, bootstrapUser) received"]
[2037814][1729240418016][main][info]["model-events~user - bootstrapUser received"]
[2037814][1729240418700][main][info]["Main~getPlatformLaunchPerfMetrics"]
[2037814][1729240423462][main][info]["UpdateHandler~app-update-events - Received event",{"name":"updateElectron","namespace":"appUpdate","data":{"channel":"stable","version":"10.24.26","downloadVersion":"11.17.0","appId":"7d0eebff-e29d-4ca1-ac21-1d495ddfda47","userAgent":"Mozilla/5.0 (X11; Linux x86_64) AppleWebKit/537.36 (KHTML, like Gecko) Postman/10.24.26 Electron/20.3.11 Safari/537.36","platform":"LINUX","arch":"64","downloadURL":"https://dl.pstmn.io/download/version/11.17.0/linux_64","updateServerDomain":"https://dl.pstmn.io/","additionalParamsString":"installationId=7d0eebff-e29d-4ca1-ac21-1d495ddfda47&userId=31686413&syncEnabled=true&teamPlan=&teamId=0","userId":"31686413"}}]
[2037814][1729240423470][main][info]["LinuxUpdater~downloadUpdate - UpdateInfo received",{"channel":"stable","version":"10.24.26","downloadVersion":"11.17.0","appId":"7d0eebff-e29d-4ca1-ac21-1d495ddfda47","userAgent":"Mozilla/5.0 (X11; Linux x86_64) AppleWebKit/537.36 (KHTML, like Gecko) Postman/10.24.26 Electron/20.3.11 Safari/537.36","platform":"LINUX","arch":"64","downloadURL":"https://dl.pstmn.io/download/version/11.17.0/linux_64","updateServerDomain":"https://dl.pstmn.io/","additionalParamsString":"installationId=7d0eebff-e29d-4ca1-ac21-1d495ddfda47&userId=31686413&syncEnabled=true&teamPlan=&teamId=0","userId":"31686413"}]
[2037814][1729240429382][main][info]["Main - model-events~user - (authentication, reauthenticate) received"]
[2037814][1729240432369][main][warn]["AuthHandler~open: Current app is not default protocol client - Falling back to polling mechanism."]
[2037814][1729240531464][main][info]["LinuxAutoUpdater~Extraction completed",{"packageName":"Postman","eID":"Postman-1729240423482","downloadURL":"https://dl.pstmn.io/download/version/11.17.0/linux_64","downloadDirectory":"/home/passh/Descargas/Postman","downloadInfo":{"status":"DOWNLOAD_COMPLETED","error":null,"downloadDirectory":"/home/passh/Descargas/Postman"},"extractInfo":{"status":"EXTRACTION_SUCCESSFUL","error":null,"extractDirectory":"/home/passh/Descargas/Postman","standardOutput":"","standardError":""}}]
[2037814][1729240531465][main][info]["@postman/app-updater: Update updateDownloaded","","Postman 11.17.0","","https://dl.pstmn.io/download/version/11.17.0/linux_64"]
[2037814][1729240531468][main][info]["UpdateHandler~app-update-events - Received event",{"name":"electronAppUpdateDownloaded","namespace":"appUpdate","data":{"releaseName":"Postman 11.17.0","notes":"","date":"","URL":"https://dl.pstmn.io/download/version/11.17.0/linux_64"}}]
[2037814][1729240810861][main][info]["userPartitionService: State of v8 partition system:"]
[2037814][1729240810911][main][info]["shell~init~getPartitionToLoad: loading active partition"]
[2037814][1729240810923][main][info]["userPartitionService: List of partitions:",[{"partitionId":"e086444a-82ef-4729-be0e-97c771c068ea","namespace":"users","userId":"31686413","teamId":"0","lastUpdated":"2024-02-26T18:11:19.502Z"},{"partitionId":"f8d8f662-262a-4b8e-a6b7-074fd2f72048","namespace":"scratchPad","userId":0,"teamId":0,"isDirty":false}]]
[2037814][1729240810929][main][info]["userPartitionService: users global meta:",{}]
[2037814][1729240810967][main][warn]["WindowManager~newRequesterWindow - Bailing requester window creation as first requester is not booted."]
[2037814][1729240819552][main][info]["Quitting app"]
[2037814][1729240819556][main][info]["Applying update and quit the app"]
[2037814][1729240819556][main][info]["@postman/app-updater: quitting app to update"]
[2037814][1729240819557][main][info]["LinuxAutoUpdater~quitAndInstall - Initiated"]
[2037814][1729240819558][main][info]["LinuxAutoUpdater~quitAndInstall - Quitting for update"]
[2054504][1729240913734][main][info]["Booting Postman 11.17.0, linux-6.9.3-76060903-generic on x64"]
[2054504][1729240913743][main][info]["EventBus~initialize - Success"]
[2054504][1729240913748][main][info]["Proxy configuration has not been setup"]
[2054504][1729240913750][main][info]["CloudProxyManager~init - Success"]
[2054504][1729240913987][main][info]["performShellDataMigration: Migration has already been done. Bailing out"]
[2054504][1729240914007][main][info]["UpdateHandler~init - Success"]
[2054504][1729240914009][main][info]["LeaderSelection: Initialized successfully"]
[2054504][1729240914011][main][info]["VersionDependencyService: Initialized successfully"]
[2054504][1729240914203][main][info]["shellController~init: Success"]
[2054504][1729240914204][main][info]["shellMeta~init: Success"]
[2054504][1729240914205][main][info]["partitionMigrationService: State of V7 partition:"]
[2054504][1729240914205][main][info]["partitionMigrationService: V7 partitions",[]]
[2054504][1729240914206][main][info]["partitionMigrationService~rectifyNamespaceOfScratchPadPartition: There is no partition with scratchpad namespace"]
[2054504][1729240914206][main][info]["partitionMigrationService~rectifyNamespaceOfScratchPadPartition: There is no transit partition which could have been used for scratchpad"]
[2054504][1729240914225][main][info]["partitionMigrationService~init: Success"]
[2054504][1729240914227][main][info]["partitionMigrationService~runV8PartitionsIntegrity: Two way migration~ removing the following partitions from v8",[]]
[2054504][1729240914228][main][info]["userPartitionService~getRecentV8UserPartition: recent v8 user context partition ","e086444a-82ef-4729-be0e-97c771c068ea"]
[2054504][1729240914239][main][info]["userPartitionService~_rectifyTheActivePartitionOfApplication: Setting the active partition to ","e086444a-82ef-4729-be0e-97c771c068ea"]
[2054504][1729240916804][main][info]["GPU detected VID 4318 DID 7817 ACTIVE true"]
[2054504][1729240917780][main][info]["userPartitionService~init: Success"]
[2054504][1729240917978][main][info]["newAccountRegionPreferenceService~getPreferenceWithFallback - Preference not found in storage."]
[2054504][1729240917978][main][info]["newAccountRegionPreferenceService~getToggleMenuTemplate - Using preference:","useUSRegion"]
[2054504][1729240918583][main][info]["LinuxAutoUpdater~Cleanup - Initial cleanup successful"]
[2054504][1729240918598][main][info]["userPartitionService: State of v8 partition system:"]
[2054504][1729240918599][main][info]["shell~init~getPartitionToLoad: loading active partition"]
[2054504][1729240918599][main][info]["userPartitionService: List of partitions:",[{"partitionId":"e086444a-82ef-4729-be0e-97c771c068ea","namespace":"users","userId":"31686413","teamId":"0","lastUpdated":"2024-02-26T18:11:19.502Z"},{"partitionId":"f8d8f662-262a-4b8e-a6b7-074fd2f72048","namespace":"scratchPad","userId":0,"teamId":0,"isDirty":false}]]
[2054504][1729240918600][main][info]["userPartitionService: users global meta:",{}]
[2054504][1729240918600][main][info]["Main:windowManager~newRequesterWindow: Fetch and update runtime config: undefined"]
[2054504][1729240924968][main][info]["Main~getRemoteInitPath:: "]
[2054504][1729240925573][main][info]["UpdateHandler~app-update-events - Received event",{"name":"checkForElectronVersionUpdated","namespace":"appUpdate"}]
[2054504][1729240925587][main][info]["INTERCEPTOR CONNECTIVITY: Connecting to Interceptor Bridge"]
[2054504][1729240925626][main][info]["@postman/app-updater: version Updated","10.24.26","11.17.0"]
[2054504][1729240925627][main][info]["UpdateHandler~app-update-events - Received event",{"name":"electronVersionUpdated","namespace":"appUpdate","data":{"lastKnownVersion":"10.24.26","currentVersion":"11.17.0"}}]
[2054504][1729240925647][main][info]["windowManager: First requester booted successfully."]
[2054504][1729240925652][main][info]["windowManager~restoreWindows: Restoring requester windows"]
[2054504][1729240925653][main][info]["Main~AppEvents - Received booted event for process requester.Version 11.17.1 UI Version: 11.17.1-ui-241016-0849 Desktop Platform Version: 11.17.0"]
[2054504][1729240925942][main][info]["Main~getRemoteInitPath:: "]
[2054504][1729240926925][main][info]["Main - model-events~user - (user, bootstrapUser) received"]
[2054504][1729240926927][main][info]["model-events~user - bootstrapUser received"]
[2054504][1729240927433][main][info]["INTERCEPTOR CONNECTIVITY: Attempting to start websocket server on port 15611"]
[2054504][1729240927748][main][info]["Main~getPlatformLaunchPerfMetrics"]
[2054504][1729240934608][main][info]["VersionDependencyService: Resetting UI version as user logged out/switched account"]
[2054504][1729240934610][main][info]["Main - model-events~user - (user, logout) received"]
[2054504][1729240934688][main][info]["Shell~init~logoutUser",{"id":"31686413"}]
[2054504][1729240935072][main][info]["Shell~init~logoutUser: There is no user contexts anymore, falling back to scratchpad"]
[2054504][1729240935075][main][info]["Main:windowManager~newRequesterWindow: Fetch and update runtime config: undefined"]
[2054504][1729240945510][main][info]["RuntimeIPCAgent~started: Success"]
[2054504][1729240945579][main][info]["Main~scratchpadThemeAction:: action: set, value: dark"]
[2054504][1729240945598][main][info]["Main~scratchpadThemeAction:: action: set, value: dark"]
[2054504][1729240945722][main][info]["Main~scratchpadThemeAction:: action: set, value: dark"]
[2054504][1729240945766][main][info]["UpdateHandler~app-update-events - Received event",{"name":"checkForElectronVersionUpdated","namespace":"appUpdate"}]
[2054504][1729240945783][main][info]["windowManager: First requester booted successfully."]
[2054504][1729240945785][main][info]["windowManager~restoreWindows: Restoring requester windows"]
[2054504][1729240945786][main][info]["Main~AppEvents - Received booted event for process requester.Version undefined UI Version: undefined Desktop Platform Version: 11.17.0"]
[2054504][1729240968551][main][info]["VersionDependencyService: Resetting UI version as user logged out/switched account"]
[2054504][1729240968557][main][info]["Main - model-events~user - (users, add) received"]
[2054504][1729240969934][main][info]["AuthHandler~open: Received dom-ready event."]
[2054504][1729240969960][main][info]["AuthHandler~open: Received did-finish-load event."]
[2054504][1729240970761][main][warn]["AuthHandler~open: Current app is not default protocol client - Falling back to polling mechanism."]
[2054504][1729240970771][main][info]["newAccountRegionPreferenceService~getPreferenceWithFallback - Preference not found in storage."]
[2054504][1729240970774][main][info]["newAccountRegionPreferenceService~getRegionPreference - Using preference:","useUSRegion"]
[2054504][1729240970775][main][info]["AuthHandler~open: new Account region preference:","us"]
[2054504][1729240970777][main][info]["AuthHandler~open: get multiLoginToken token."]
[2054504][1729240970781][main][info]["AuthHandler~open: Publishing initialize event to auth-window channel."]
[2054504][1729240989600][main][info]["Shell~init~loginUser: associating the user ","39110921"," with transit partition"]
[2054504][1729240989601][main][info]["userPartitionService~getNewPartitionId: creating a partition with userId and teamId as 0"]
[2054504][1729240989678][main][info]["userPartitionService~associateTransitPartition: ",{"partitionId":"e086444a-82ef-4729-be0e-97c771c068ea","context":{"namespace":"users","userId":"39110921","teamId":"0","region":"us"}}]
[2054504][1729240989746][main][info]["userPartitionService: State of v8 partition system:"]
[2054504][1729240989768][main][info]["userPartitionService: List of partitions:",[{"partitionId":"e086444a-82ef-4729-be0e-97c771c068ea","namespace":"users","userId":"39110921","teamId":"0","lastUpdated":"2024-10-18T08:43:09.678Z"},{"partitionId":"f8d8f662-262a-4b8e-a6b7-074fd2f72048","namespace":"scratchPad","userId":0,"teamId":0,"isDirty":false}]]
[2054504][1729240989771][main][info]["userPartitionService: users global meta:",{}]
[2054504][1729240989791][main][info]["Main:windowManager~newRequesterWindow: Fetch and update runtime config: us"]
[2054504][1729240998912][main][info]["Main~getRemoteInitPath:: "]
[2054504][1729240999648][main][info]["Main - model-events~user - (user, update) received"]
[2054504][1729240999668][main][info]["Main~reload: https://desktop.postman.com/?desktopVersion=11.17.0&userId=39110921&teamId=0&region=us"]
[2054504][1729241004689][main][info]["Main~getRemoteInitPath:: "]
[2054504][1729241005169][main][info]["Main - model-events~user - (user, update) received"]
[2054504][1729241005803][main][info]["Main - model-events~user - (user, bootstrapUser) received"]
[2054504][1729241005804][main][info]["model-events~user - bootstrapUser received"]
[2054504][1729241005943][main][info]["Main - model-events~user - (user, bootstrapUser) received"]
[2054504][1729241005947][main][info]["model-events~user - bootstrapUser received"]
[2054504][1729241006613][main][info]["UpdateHandler~app-update-events - Received event",{"name":"checkForElectronVersionUpdated","namespace":"appUpdate"}]
[2054504][1729241006696][main][info]["windowManager: First requester booted successfully."]
[2054504][1729241006702][main][info]["windowManager~restoreWindows: Restoring requester windows"]
[2054504][1729241006702][main][info]["Main~AppEvents - Received booted event for process requester.Version 11.17.1 UI Version: 11.17.1-ui-241016-0849 Desktop Platform Version: 11.17.0"]
[2054504][1729241007053][main][info]["Main~getRemoteInitPath:: "]
[2054504][1729241008572][main][info]["Main~getPlatformLaunchPerfMetrics"]
[2246803][1729517871281][main][info]["Booting Postman 11.17.0, linux-6.9.3-76060903-generic on x64"]
[2246803][1729517871287][main][info]["EventBus~initialize - Success"]
[2246803][1729517871291][main][info]["Proxy configuration has not been setup"]
[2246803][1729517871292][main][info]["CloudProxyManager~init - Success"]
[2246803][1729517871389][main][info]["performShellDataMigration: Migration has already been done. Bailing out"]
[2246803][1729517871400][main][info]["UpdateHandler~init - Success"]
[2246803][1729517871403][main][info]["LeaderSelection: Initialized successfully"]
[2246803][1729517871404][main][info]["VersionDependencyService: Initialized successfully"]
[2246803][1729517871409][main][info]["LinuxAutoUpdater~Cleanup - Initial cleanup successful"]
[2246803][1729517871418][main][info]["shellController~init: Success"]
[2246803][1729517871418][main][info]["shellMeta~init: Success"]
[2246803][1729517871418][main][info]["partitionMigrationService: State of V7 partition:"]
[2246803][1729517871419][main][info]["partitionMigrationService: V7 partitions",[]]
[2246803][1729517871419][main][info]["partitionMigrationService~rectifyNamespaceOfScratchPadPartition: There is no partition with scratchpad namespace"]
[2246803][1729517871419][main][info]["partitionMigrationService~rectifyNamespaceOfScratchPadPartition: There is no transit partition which could have been used for scratchpad"]
[2246803][1729517871419][main][info]["partitionMigrationService~init: Success"]
[2246803][1729517871420][main][info]["partitionMigrationService~runV8PartitionsIntegrity: Two way migration~ removing the following partitions from v8",[]]
[2246803][1729517871421][main][info]["userPartitionService~getRecentV8UserPartition: recent v8 user context partition ","e086444a-82ef-4729-be0e-97c771c068ea"]
[2246803][1729517871421][main][info]["userPartitionService~_rectifyTheActivePartitionOfApplication: Setting the active partition to ","e086444a-82ef-4729-be0e-97c771c068ea"]
[2246803][1729517871447][main][info]["GPU detected VID 4318 DID 7817 ACTIVE true"]
[2246803][1729517871453][main][info]["userPartitionService~init: Success"]
[2246803][1729517871459][main][info]["newAccountRegionPreferenceService~getPreferenceWithFallback - Preference not found in storage."]
[2246803][1729517871460][main][info]["newAccountRegionPreferenceService~getToggleMenuTemplate - Using preference:","useUSRegion"]
[2246803][1729517871480][main][info]["userPartitionService: State of v8 partition system:"]
[2246803][1729517871481][main][info]["shell~init~getPartitionToLoad: loading active partition"]
[2246803][1729517871481][main][info]["userPartitionService: List of partitions:",[{"partitionId":"e086444a-82ef-4729-be0e-97c771c068ea","namespace":"users","userId":"39110921","teamId":"0","lastUpdated":"2024-10-18T08:43:09.678Z"},{"partitionId":"f8d8f662-262a-4b8e-a6b7-074fd2f72048","namespace":"scratchPad","userId":0,"teamId":0,"isDirty":false}]]
[2246803][1729517871482][main][info]["userPartitionService: users global meta:",{}]
[2246803][1729517871482][main][info]["Main:windowManager~newRequesterWindow: Fetch and update runtime config: us"]
[2246803][1729517874103][main][info]["Main~getRemoteInitPath:: "]
[2246803][1729517874297][main][info]["UpdateHandler~app-update-events - Received event",{"name":"checkForElectronVersionUpdated","namespace":"appUpdate"}]
[2246803][1729517874304][main][info]["INTERCEPTOR CONNECTIVITY: Connecting to Interceptor Bridge"]
[2246803][1729517874332][main][info]["windowManager: First requester booted successfully."]
[2246803][1729517874333][main][info]["windowManager~restoreWindows: Restoring requester windows"]
[2246803][1729517874334][main][info]["Main~AppEvents - Received booted event for process requester.Version 11.17.1 UI Version: 11.17.1-ui-241016-0849 Desktop Platform Version: 11.17.0"]
[2246803][1729517874510][main][info]["Main~getRemoteInitPath:: "]
[2246803][1729517875140][main][info]["INTERCEPTOR CONNECTIVITY: Attempting to start websocket server on port 15611"]
[2246803][1729517877145][main][info]["Main - model-events~user - (user, bootstrapUser) received"]
[2246803][1729517877145][main][info]["model-events~user - bootstrapUser received"]
[2246803][1729517877151][main][info]["Main~getPlatformLaunchPerfMetrics"]
[2246803][1729517883049][main][info]["RuntimeIPCAgent~started: Success"]
[2246803][1729520169313][main][info]["Quitting app"]
[2307572][1729520319816][main][info]["Booting Postman 11.17.0, linux-6.9.3-76060903-generic on x64"]
[2307572][1729520319823][main][info]["EventBus~initialize - Success"]
[2307572][1729520319833][main][info]["Proxy configuration has not been setup"]
[2307572][1729520319835][main][info]["CloudProxyManager~init - Success"]
[2307572][1729520319944][main][info]["performShellDataMigration: Migration has already been done. Bailing out"]
[2307572][1729520319957][main][info]["UpdateHandler~init - Success"]
[2307572][1729520319958][main][info]["LeaderSelection: Initialized successfully"]
[2307572][1729520319959][main][info]["VersionDependencyService: Initialized successfully"]
[2307572][1729520319963][main][info]["LinuxAutoUpdater~Cleanup - Initial cleanup successful"]
[2307572][1729520319971][main][info]["shellController~init: Success"]
[2307572][1729520319971][main][info]["shellMeta~init: Success"]
[2307572][1729520319971][main][info]["partitionMigrationService: State of V7 partition:"]
[2307572][1729520319972][main][info]["partitionMigrationService: V7 partitions",[]]
[2307572][1729520319972][main][info]["partitionMigrationService~rectifyNamespaceOfScratchPadPartition: There is no partition with scratchpad namespace"]
[2307572][1729520319972][main][info]["partitionMigrationService~rectifyNamespaceOfScratchPadPartition: There is no transit partition which could have been used for scratchpad"]
[2307572][1729520319973][main][info]["partitionMigrationService~init: Success"]
[2307572][1729520319974][main][info]["partitionMigrationService~runV8PartitionsIntegrity: Two way migration~ removing the following partitions from v8",[]]
[2307572][1729520319974][main][info]["userPartitionService~getRecentV8UserPartition: recent v8 user context partition ","e086444a-82ef-4729-be0e-97c771c068ea"]
[2307572][1729520319975][main][info]["userPartitionService~_rectifyTheActivePartitionOfApplication: Setting the active partition to ","e086444a-82ef-4729-be0e-97c771c068ea"]
[2307572][1729520320002][main][info]["GPU detected VID 4318 DID 7817 ACTIVE true"]
[2307572][1729520320008][main][info]["userPartitionService~init: Success"]
[2307572][1729520320015][main][info]["newAccountRegionPreferenceService~getPreferenceWithFallback - Preference not found in storage."]
[2307572][1729520320015][main][info]["newAccountRegionPreferenceService~getToggleMenuTemplate - Using preference:","useUSRegion"]
[2307572][1729520320035][main][info]["userPartitionService: State of v8 partition system:"]
[2307572][1729520320036][main][info]["shell~init~getPartitionToLoad: loading active partition"]
[2307572][1729520320036][main][info]["userPartitionService: List of partitions:",[{"partitionId":"e086444a-82ef-4729-be0e-97c771c068ea","namespace":"users","userId":"39110921","teamId":"0","lastUpdated":"2024-10-18T08:43:09.678Z"},{"partitionId":"f8d8f662-262a-4b8e-a6b7-074fd2f72048","namespace":"scratchPad","userId":0,"teamId":0,"isDirty":false}]]
[2307572][1729520320036][main][info]["userPartitionService: users global meta:",{}]
[2307572][1729520320037][main][info]["Main:windowManager~newRequesterWindow: Fetch and update runtime config: us"]
[2307572][1729520323146][main][info]["Main~getRemoteInitPath:: "]
[2307572][1729520323337][main][info]["UpdateHandler~app-update-events - Received event",{"name":"checkForElectronVersionUpdated","namespace":"appUpdate"}]
[2307572][1729520323345][main][info]["INTERCEPTOR CONNECTIVITY: Connecting to Interceptor Bridge"]
[2307572][1729520323373][main][info]["windowManager: First requester booted successfully."]
[2307572][1729520323374][main][info]["windowManager~restoreWindows: Restoring requester windows"]
[2307572][1729520323374][main][info]["Main~AppEvents - Received booted event for process requester.Version 11.17.1 UI Version: 11.17.1-ui-241016-0849 Desktop Platform Version: 11.17.0"]
[2307572][1729520323563][main][info]["Main~getRemoteInitPath:: "]
[2307572][1729520324144][main][info]["INTERCEPTOR CONNECTIVITY: Attempting to start websocket server on port 15611"]
[2307572][1729520324473][main][info]["Main~getPlatformLaunchPerfMetrics"]
[2307572][1729520326398][main][info]["Main - model-events~user - (user, bootstrapUser) received"]
[2307572][1729520326398][main][info]["model-events~user - bootstrapUser received"]
[2307572][1729520330912][main][info]["RuntimeIPCAgent~started: Success"]
[2307572][1729693124267][main][info]["UpdateHandler~app-update-events - Received event",{"name":"updateElectron","namespace":"appUpdate","data":{"channel":"stable","version":"11.17.0","downloadVersion":"11.18.0","appId":"7d0eebff-e29d-4ca1-ac21-1d495ddfda47","userAgent":"Mozilla/5.0 (X11; Linux x86_64) AppleWebKit/537.36 (KHTML, like Gecko) Postman/11.17.0 Electron/28.3.1 Safari/537.36","platform":"LINUX","arch":"64","downloadURL":"https://dl.pstmn.io/download/version/11.18.0/linux_64","updateServerDomain":"https://dl.pstmn.io/","additionalParamsString":"installationId=7d0eebff-e29d-4ca1-ac21-1d495ddfda47&userId=39110921&syncEnabled=true&teamPlan=&teamId=0","userId":"39110921"}}]
[2307572][1729693124268][main][info]["LinuxUpdater~downloadUpdate - UpdateInfo received",{"channel":"stable","version":"11.17.0","downloadVersion":"11.18.0","appId":"7d0eebff-e29d-4ca1-ac21-1d495ddfda47","userAgent":"Mozilla/5.0 (X11; Linux x86_64) AppleWebKit/537.36 (KHTML, like Gecko) Postman/11.17.0 Electron/28.3.1 Safari/537.36","platform":"LINUX","arch":"64","downloadURL":"https://dl.pstmn.io/download/version/11.18.0/linux_64","updateServerDomain":"https://dl.pstmn.io/","additionalParamsString":"installationId=7d0eebff-e29d-4ca1-ac21-1d495ddfda47&userId=39110921&syncEnabled=true&teamPlan=&teamId=0","userId":"39110921"}]
[2307572][1729693251093][main][info]["LinuxAutoUpdater~Extraction completed",{"packageName":"Postman","eID":"Postman-1729693124269","downloadURL":"https://dl.pstmn.io/download/version/11.18.0/linux_64","downloadDirectory":"/home/passh/Descargas/Postman","downloadInfo":{"status":"DOWNLOAD_COMPLETED","error":null,"downloadDirectory":"/home/passh/Descargas/Postman"},"extractInfo":{"status":"EXTRACTION_SUCCESSFUL","error":null,"extractDirectory":"/home/passh/Descargas/Postman","standardOutput":"","standardError":""}}]
[2307572][1729693251097][main][info]["@postman/app-updater: Update updateDownloaded","","Postman 11.18.0","","https://dl.pstmn.io/download/version/11.18.0/linux_64"]
[2307572][1729693251098][main][info]["UpdateHandler~app-update-events - Received event",{"name":"electronAppUpdateDownloaded","namespace":"appUpdate","data":{"releaseName":"Postman 11.18.0","notes":"","date":"","URL":"https://dl.pstmn.io/download/version/11.18.0/linux_64"}}]
[450023][1730045854998][main][info]["Booting Postman 11.17.0, linux-6.9.3-76060903-generic on x64"]
[450023][1730045855003][main][info]["EventBus~initialize - Success"]
[450023][1730045855008][main][info]["Proxy configuration has not been setup"]
[450023][1730045855009][main][info]["CloudProxyManager~init - Success"]
[450023][1730045855080][main][info]["performShellDataMigration: Migration has already been done. Bailing out"]
[450023][1730045855089][main][info]["UpdateHandler~init - Success"]
[450023][1730045855090][main][info]["LeaderSelection: Initialized successfully"]
[450023][1730045855091][main][info]["VersionDependencyService: Initialized successfully"]
[450023][1730045855121][main][info]["shellController~init: Success"]
[450023][1730045855121][main][info]["shellMeta~init: Success"]
[450023][1730045855122][main][info]["partitionMigrationService: State of V7 partition:"]
[450023][1730045855122][main][info]["partitionMigrationService: V7 partitions",[]]
[450023][1730045855122][main][info]["partitionMigrationService~rectifyNamespaceOfScratchPadPartition: There is no partition with scratchpad namespace"]
[450023][1730045855122][main][info]["partitionMigrationService~rectifyNamespaceOfScratchPadPartition: There is no transit partition which could have been used for scratchpad"]
[450023][1730045855122][main][info]["partitionMigrationService~init: Success"]
[450023][1730045855123][main][info]["partitionMigrationService~runV8PartitionsIntegrity: Two way migration~ removing the following partitions from v8",[]]
[450023][1730045855124][main][info]["userPartitionService~getRecentV8UserPartition: recent v8 user context partition ","e086444a-82ef-4729-be0e-97c771c068ea"]
[450023][1730045855124][main][info]["userPartitionService~_rectifyTheActivePartitionOfApplication: Setting the active partition to ","e086444a-82ef-4729-be0e-97c771c068ea"]
[450023][1730045855900][main][info]["GPU detected VID 4318 DID 7817 ACTIVE true"]
[450023][1730045856221][main][info]["userPartitionService~init: Success"]
[450023][1730045856314][main][info]["newAccountRegionPreferenceService~getPreferenceWithFallback - Preference not found in storage."]
[450023][1730045856315][main][info]["newAccountRegionPreferenceService~getToggleMenuTemplate - Using preference:","useUSRegion"]
[450023][1730045856652][main][info]["LinuxAutoUpdater~Cleanup - Initial cleanup successful"]
[450023][1730045856659][main][info]["userPartitionService: State of v8 partition system:"]
[450023][1730045856660][main][info]["shell~init~getPartitionToLoad: loading active partition"]
[450023][1730045856660][main][info]["userPartitionService: List of partitions:",[{"partitionId":"e086444a-82ef-4729-be0e-97c771c068ea","namespace":"users","userId":"39110921","teamId":"0","lastUpdated":"2024-10-18T08:43:09.678Z"},{"partitionId":"f8d8f662-262a-4b8e-a6b7-074fd2f72048","namespace":"scratchPad","userId":0,"teamId":0,"isDirty":false}]]
[450023][1730045856660][main][info]["userPartitionService: users global meta:",{}]
[450023][1730045856660][main][info]["Main:windowManager~newRequesterWindow: Fetch and update runtime config: us"]
[450023][1730045858678][main][info]["Main~getRemoteInitPath:: "]
[450023][1730045858838][main][info]["UpdateHandler~app-update-events - Received event",{"name":"checkForElectronVersionUpdated","namespace":"appUpdate"}]
[450023][1730045858843][main][info]["INTERCEPTOR CONNECTIVITY: Connecting to Interceptor Bridge"]
[450023][1730045858863][main][info]["windowManager: First requester booted successfully."]
[450023][1730045858864][main][info]["windowManager~restoreWindows: Restoring requester windows"]
[450023][1730045858864][main][info]["Main~AppEvents - Received booted event for process requester.Version 11.17.1 UI Version: 11.17.1-ui-241016-0849 Desktop Platform Version: 11.17.0"]
[450023][1730045859011][main][info]["Main~getRemoteInitPath:: "]
[450023][1730045859524][main][info]["Main~getPlatformLaunchPerfMetrics"]
[450023][1730045859902][main][info]["INTERCEPTOR CONNECTIVITY: Attempting to start websocket server on port 15611"]
[450023][1730045861353][main][info]["Main - model-events~user - (user, bootstrapUser) received"]
[450023][1730045861353][main][info]["model-events~user - bootstrapUser received"]
[450023][1730045864969][main][info]["RuntimeIPCAgent~started: Success"]
[450023][1730045869433][main][info]["UpdateHandler~app-update-events - Received event",{"name":"updateElectron","namespace":"appUpdate","data":{"channel":"stable","version":"11.17.0","downloadVersion":"11.18.0","appId":"7d0eebff-e29d-4ca1-ac21-1d495ddfda47","userAgent":"Mozilla/5.0 (X11; Linux x86_64) AppleWebKit/537.36 (KHTML, like Gecko) Postman/11.17.0 Electron/28.3.1 Safari/537.36","platform":"LINUX","arch":"64","downloadURL":"https://dl.pstmn.io/download/version/11.18.0/linux_64","updateServerDomain":"https://dl.pstmn.io/","additionalParamsString":"installationId=7d0eebff-e29d-4ca1-ac21-1d495ddfda47&userId=39110921&syncEnabled=true&teamPlan=&teamId=0","userId":"39110921"}}]
[450023][1730045869433][main][info]["LinuxUpdater~downloadUpdate - UpdateInfo received",{"channel":"stable","version":"11.17.0","downloadVersion":"11.18.0","appId":"7d0eebff-e29d-4ca1-ac21-1d495ddfda47","userAgent":"Mozilla/5.0 (X11; Linux x86_64) AppleWebKit/537.36 (KHTML, like Gecko) Postman/11.17.0 Electron/28.3.1 Safari/537.36","platform":"LINUX","arch":"64","downloadURL":"https://dl.pstmn.io/download/version/11.18.0/linux_64","updateServerDomain":"https://dl.pstmn.io/","additionalParamsString":"installationId=7d0eebff-e29d-4ca1-ac21-1d495ddfda47&userId=39110921&syncEnabled=true&teamPlan=&teamId=0","userId":"39110921"}]
[450023][1730045879313][main][info]["Quitting app"]
[3274054][1730115150592][main][info]["Booting Postman 11.17.0, linux-6.9.3-76060903-generic on x64"]
[3274054][1730115150599][main][info]["EventBus~initialize - Success"]
[3274054][1730115150785][main][info]["Proxy configuration has not been setup"]
[3274054][1730115150786][main][info]["CloudProxyManager~init - Success"]
[3274054][1730115150875][main][info]["performShellDataMigration: Migration has already been done. Bailing out"]
[3274054][1730115150886][main][info]["UpdateHandler~init - Success"]
[3274054][1730115150887][main][info]["LeaderSelection: Initialized successfully"]
[3274054][1730115150888][main][info]["VersionDependencyService: Initialized successfully"]
[3274054][1730115150904][main][info]["shellController~init: Success"]
[3274054][1730115150905][main][info]["shellMeta~init: Success"]
[3274054][1730115150905][main][info]["partitionMigrationService: State of V7 partition:"]
[3274054][1730115150905][main][info]["partitionMigrationService: V7 partitions",[]]
[3274054][1730115150906][main][info]["partitionMigrationService~rectifyNamespaceOfScratchPadPartition: There is no partition with scratchpad namespace"]
[3274054][1730115150906][main][info]["partitionMigrationService~rectifyNamespaceOfScratchPadPartition: There is no transit partition which could have been used for scratchpad"]
[3274054][1730115150907][main][info]["partitionMigrationService~init: Success"]
[3274054][1730115150908][main][info]["partitionMigrationService~runV8PartitionsIntegrity: Two way migration~ removing the following partitions from v8",[]]
[3274054][1730115150908][main][info]["userPartitionService~getRecentV8UserPartition: recent v8 user context partition ","e086444a-82ef-4729-be0e-97c771c068ea"]
[3274054][1730115150909][main][info]["userPartitionService~_rectifyTheActivePartitionOfApplication: Setting the active partition to ","e086444a-82ef-4729-be0e-97c771c068ea"]
[3274054][1730115150911][main][info]["LinuxAutoUpdater~Cleanup - Initial cleanup successful"]
[3274054][1730115150933][main][info]["GPU detected VID 4318 DID 7817 ACTIVE true"]
[3274054][1730115150940][main][info]["userPartitionService~init: Success"]
[3274054][1730115150946][main][info]["newAccountRegionPreferenceService~getPreferenceWithFallback - Preference not found in storage."]
[3274054][1730115150946][main][info]["newAccountRegionPreferenceService~getToggleMenuTemplate - Using preference:","useUSRegion"]
[3274054][1730115150968][main][info]["userPartitionService: State of v8 partition system:"]
[3274054][1730115150969][main][info]["shell~init~getPartitionToLoad: loading active partition"]
[3274054][1730115150969][main][info]["userPartitionService: List of partitions:",[{"partitionId":"e086444a-82ef-4729-be0e-97c771c068ea","namespace":"users","userId":"39110921","teamId":"0","lastUpdated":"2024-10-18T08:43:09.678Z"},{"partitionId":"f8d8f662-262a-4b8e-a6b7-074fd2f72048","namespace":"scratchPad","userId":0,"teamId":0,"isDirty":false}]]
[3274054][1730115150970][main][info]["userPartitionService: users global meta:",{}]
[3274054][1730115150970][main][info]["Main:windowManager~newRequesterWindow: Fetch and update runtime config: us"]
[3274054][1730115153737][main][info]["Main~getRemoteInitPath:: "]
[3274054][1730115153895][main][info]["UpdateHandler~app-update-events - Received event",{"name":"checkForElectronVersionUpdated","namespace":"appUpdate"}]
[3274054][1730115153902][main][info]["INTERCEPTOR CONNECTIVITY: Connecting to Interceptor Bridge"]
[3274054][1730115153926][main][info]["windowManager: First requester booted successfully."]
[3274054][1730115153927][main][info]["windowManager~restoreWindows: Restoring requester windows"]
[3274054][1730115153927][main][info]["Main~AppEvents - Received booted event for process requester.Version 11.17.1 UI Version: 11.17.1-ui-241016-0849 Desktop Platform Version: 11.17.0"]
[3274054][1730115154091][main][info]["Main~getRemoteInitPath:: "]
[3274054][1730115154727][main][info]["INTERCEPTOR CONNECTIVITY: Attempting to start websocket server on port 15611"]
[3274054][1730115154824][main][info]["Main~getPlatformLaunchPerfMetrics"]
[3274054][1730115156234][main][info]["Main - model-events~user - (user, bootstrapUser) received"]
[3274054][1730115156234][main][info]["model-events~user - bootstrapUser received"]
[3274054][1730115160887][main][info]["RuntimeIPCAgent~started: Success"]
[3274054][1730115164498][main][info]["UpdateHandler~app-update-events - Received event",{"name":"updateElectron","namespace":"appUpdate","data":{"channel":"stable","version":"11.17.0","downloadVersion":"11.18.0","appId":"7d0eebff-e29d-4ca1-ac21-1d495ddfda47","userAgent":"Mozilla/5.0 (X11; Linux x86_64) AppleWebKit/537.36 (KHTML, like Gecko) Postman/11.17.0 Electron/28.3.1 Safari/537.36","platform":"LINUX","arch":"64","downloadURL":"https://dl.pstmn.io/download/version/11.18.0/linux_64","updateServerDomain":"https://dl.pstmn.io/","additionalParamsString":"installationId=7d0eebff-e29d-4ca1-ac21-1d495ddfda47&userId=39110921&syncEnabled=true&teamPlan=&teamId=0","userId":"39110921"}}]
[3274054][1730115164499][main][info]["LinuxUpdater~downloadUpdate - UpdateInfo received",{"channel":"stable","version":"11.17.0","downloadVersion":"11.18.0","appId":"7d0eebff-e29d-4ca1-ac21-1d495ddfda47","userAgent":"Mozilla/5.0 (X11; Linux x86_64) AppleWebKit/537.36 (KHTML, like Gecko) Postman/11.17.0 Electron/28.3.1 Safari/537.36","platform":"LINUX","arch":"64","downloadURL":"https://dl.pstmn.io/download/version/11.18.0/linux_64","updateServerDomain":"https://dl.pstmn.io/","additionalParamsString":"installationId=7d0eebff-e29d-4ca1-ac21-1d495ddfda47&userId=39110921&syncEnabled=true&teamPlan=&teamId=0","userId":"39110921"}]
[3274054][1730115256959][main][info]["LinuxAutoUpdater~Extraction completed",{"packageName":"Postman","eID":"Postman-1730115164499","downloadURL":"https://dl.pstmn.io/download/version/11.18.0/linux_64","downloadDirectory":"/home/passh/Descargas/Postman","downloadInfo":{"status":"DOWNLOAD_COMPLETED","error":null,"downloadDirectory":"/home/passh/Descargas/Postman"},"extractInfo":{"status":"EXTRACTION_SUCCESSFUL","error":null,"extractDirectory":"/home/passh/Descargas/Postman","standardOutput":"","standardError":""}}]
[3274054][1730115256960][main][info]["@postman/app-updater: Update updateDownloaded","","Postman 11.18.0","","https://dl.pstmn.io/download/version/11.18.0/linux_64"]
[3274054][1730115256960][main][info]["UpdateHandler~app-update-events - Received event",{"name":"electronAppUpdateDownloaded","namespace":"appUpdate","data":{"releaseName":"Postman 11.18.0","notes":"","date":"","URL":"https://dl.pstmn.io/download/version/11.18.0/linux_64"}}]
[3274054][1730160590003][main][info]["Quitting app"]
[56338][1730188326342][main][info]["Booting Postman 11.17.0, linux-6.9.3-76060903-generic on x64"]
[56338][1730188326346][main][info]["EventBus~initialize - Success"]
[56338][1730188326350][main][info]["Proxy configuration has not been setup"]
[56338][1730188326351][main][info]["CloudProxyManager~init - Success"]
[56338][1730188326420][main][info]["performShellDataMigration: Migration has already been done. Bailing out"]
[56338][1730188326432][main][info]["UpdateHandler~init - Success"]
[56338][1730188326433][main][info]["LeaderSelection: Initialized successfully"]
[56338][1730188326435][main][info]["VersionDependencyService: Initialized successfully"]
[56338][1730188326456][main][info]["shellController~init: Success"]
[56338][1730188326456][main][info]["shellMeta~init: Success"]
[56338][1730188326457][main][info]["partitionMigrationService: State of V7 partition:"]
[56338][1730188326457][main][info]["partitionMigrationService: V7 partitions",[]]
[56338][1730188326457][main][info]["partitionMigrationService~rectifyNamespaceOfScratchPadPartition: There is no partition with scratchpad namespace"]
[56338][1730188326457][main][info]["partitionMigrationService~rectifyNamespaceOfScratchPadPartition: There is no transit partition which could have been used for scratchpad"]
[56338][1730188326458][main][info]["partitionMigrationService~init: Success"]
[56338][1730188326459][main][info]["partitionMigrationService~runV8PartitionsIntegrity: Two way migration~ removing the following partitions from v8",[]]
[56338][1730188326459][main][info]["userPartitionService~getRecentV8UserPartition: recent v8 user context partition ","e086444a-82ef-4729-be0e-97c771c068ea"]
[56338][1730188326459][main][info]["userPartitionService~_rectifyTheActivePartitionOfApplication: Setting the active partition to ","e086444a-82ef-4729-be0e-97c771c068ea"]
[56338][1730188327417][main][info]["GPU detected VID 4318 DID 7817 ACTIVE true"]
[56338][1730188327535][main][info]["userPartitionService~init: Success"]
[56338][1730188327763][main][info]["newAccountRegionPreferenceService~getPreferenceWithFallback - Preference not found in storage."]
[56338][1730188327764][main][info]["newAccountRegionPreferenceService~getToggleMenuTemplate - Using preference:","useUSRegion"]
[56338][1730188327855][main][info]["LinuxAutoUpdater~Cleanup - Initial cleanup successful"]
[56338][1730188327864][main][info]["userPartitionService: State of v8 partition system:"]
[56338][1730188327864][main][info]["shell~init~getPartitionToLoad: loading active partition"]
[56338][1730188327865][main][info]["userPartitionService: List of partitions:",[{"partitionId":"e086444a-82ef-4729-be0e-97c771c068ea","namespace":"users","userId":"39110921","teamId":"0","lastUpdated":"2024-10-18T08:43:09.678Z"},{"partitionId":"f8d8f662-262a-4b8e-a6b7-074fd2f72048","namespace":"scratchPad","userId":0,"teamId":0,"isDirty":false}]]
[56338][1730188327865][main][info]["userPartitionService: users global meta:",{}]
[56338][1730188327865][main][info]["Main:windowManager~newRequesterWindow: Fetch and update runtime config: us"]
[56338][1730188329888][main][info]["Main~getRemoteInitPath:: "]
[56338][1730188330034][main][info]["UpdateHandler~app-update-events - Received event",{"name":"checkForElectronVersionUpdated","namespace":"appUpdate"}]
[56338][1730188330041][main][info]["INTERCEPTOR CONNECTIVITY: Connecting to Interceptor Bridge"]
[56338][1730188330061][main][info]["windowManager: First requester booted successfully."]
[56338][1730188330061][main][info]["windowManager~restoreWindows: Restoring requester windows"]
[56338][1730188330061][main][info]["Main~AppEvents - Received booted event for process requester.Version 11.17.1 UI Version: 11.17.1-ui-241016-0849 Desktop Platform Version: 11.17.0"]
[56338][1730188330209][main][info]["Main~getRemoteInitPath:: "]
[56338][1730188330626][main][info]["INTERCEPTOR CONNECTIVITY: Attempting to start websocket server on port 15611"]
[56338][1730188332346][main][info]["Main - model-events~user - (user, bootstrapUser) received"]
[56338][1730188332346][main][info]["model-events~user - bootstrapUser received"]
[56338][1730188332615][main][info]["Main~getPlatformLaunchPerfMetrics"]
[56338][1730188336261][main][info]["RuntimeIPCAgent~started: Success"]
[56338][1730188340594][main][info]["UpdateHandler~app-update-events - Received event",{"name":"updateElectron","namespace":"appUpdate","data":{"channel":"stable","version":"11.17.0","downloadVersion":"11.18.0","appId":"7d0eebff-e29d-4ca1-ac21-1d495ddfda47","userAgent":"Mozilla/5.0 (X11; Linux x86_64) AppleWebKit/537.36 (KHTML, like Gecko) Postman/11.17.0 Electron/28.3.1 Safari/537.36","platform":"LINUX","arch":"64","downloadURL":"https://dl.pstmn.io/download/version/11.18.0/linux_64","updateServerDomain":"https://dl.pstmn.io/","additionalParamsString":"installationId=7d0eebff-e29d-4ca1-ac21-1d495ddfda47&userId=39110921&syncEnabled=true&teamPlan=&teamId=0","userId":"39110921"}}]
[56338][1730188340595][main][info]["LinuxUpdater~downloadUpdate - UpdateInfo received",{"channel":"stable","version":"11.17.0","downloadVersion":"11.18.0","appId":"7d0eebff-e29d-4ca1-ac21-1d495ddfda47","userAgent":"Mozilla/5.0 (X11; Linux x86_64) AppleWebKit/537.36 (KHTML, like Gecko) Postman/11.17.0 Electron/28.3.1 Safari/537.36","platform":"LINUX","arch":"64","downloadURL":"https://dl.pstmn.io/download/version/11.18.0/linux_64","updateServerDomain":"https://dl.pstmn.io/","additionalParamsString":"installationId=7d0eebff-e29d-4ca1-ac21-1d495ddfda47&userId=39110921&syncEnabled=true&teamPlan=&teamId=0","userId":"39110921"}]
[56338][1730188428299][main][info]["LinuxAutoUpdater~Extraction completed",{"packageName":"Postman","eID":"Postman-1730188340595","downloadURL":"https://dl.pstmn.io/download/version/11.18.0/linux_64","downloadDirectory":"/home/passh/Descargas/Postman","downloadInfo":{"status":"DOWNLOAD_COMPLETED","error":null,"downloadDirectory":"/home/passh/Descargas/Postman"},"extractInfo":{"status":"EXTRACTION_SUCCESSFUL","error":null,"extractDirectory":"/home/passh/Descargas/Postman","standardOutput":"","standardError":""}}]
[56338][1730188428299][main][info]["@postman/app-updater: Update updateDownloaded","","Postman 11.18.0","","https://dl.pstmn.io/download/version/11.18.0/linux_64"]
[56338][1730188428300][main][info]["UpdateHandler~app-update-events - Received event",{"name":"electronAppUpdateDownloaded","namespace":"appUpdate","data":{"releaseName":"Postman 11.18.0","notes":"","date":"","URL":"https://dl.pstmn.io/download/version/11.18.0/linux_64"}}]
[56338][1730206887854][main][info]["WindowManager~closeHandler - Closed Window (id: 1 )"]
[56338][1730206887917][main][info]["Quitting app"]
[56338][1730206887928][main][info]["Applying update and quit the app"]
[56338][1730206887929][main][info]["@postman/app-updater: quitting app to update"]
[56338][1730206887930][main][info]["LinuxAutoUpdater~quitAndInstall - Initiated"]
[56338][1730206887932][main][info]["@postman/app-updater: error",{"packageName":"Postman","eID":"Postman-1730188340595","downloadURL":"https://dl.pstmn.io/download/version/11.18.0/linux_64","downloadDirectory":"/home/passh/Descargas/Postman","downloadInfo":{"status":"DOWNLOAD_COMPLETED","error":null,"downloadDirectory":"/home/passh/Descargas/Postman"},"extractInfo":{"status":"EXTRACTION_SUCCESSFUL","error":null,"extractDirectory":"/home/passh/Descargas/Postman","standardOutput":"","standardError":""},"restart":false,"swapInfo":{"status":"FILE_ACCESS_ERROR","error":{"errno":-2,"syscall":"stat","code":"ENOENT","path":"/home/passh/Descargas/Postman/Postman-1730188340595/Postman"}}},]
[56338][1730206887933][main][info]["UpdateHandler~app-update-events - Received event",{"name":"electronAppUpdateError","namespace":"appUpdate","data":{"error":{"packageName":"Postman","eID":"Postman-1730188340595","downloadURL":"https://dl.pstmn.io/download/version/11.18.0/linux_64","downloadDirectory":"/home/passh/Descargas/Postman","downloadInfo":{"status":"DOWNLOAD_COMPLETED","error":null,"downloadDirectory":"/home/passh/Descargas/Postman"},"extractInfo":{"status":"EXTRACTION_SUCCESSFUL","error":null,"extractDirectory":"/home/passh/Descargas/Postman","standardOutput":"","standardError":""},"restart":false,"swapInfo":{"status":"FILE_ACCESS_ERROR","error":{"errno":-2,"syscall":"stat","code":"ENOENT","path":"/home/passh/Descargas/Postman/Postman-1730188340595/Postman"}}}}}]
[720623][1730206905529][main][info]["Booting Postman 11.17.0, linux-6.9.3-76060903-generic on x64"]
[720623][1730206905533][main][info]["EventBus~initialize - Success"]
[720623][1730206905543][main][info]["Proxy configuration has not been setup"]
[720623][1730206905544][main][info]["CloudProxyManager~init - Success"]
[720623][1730206905628][main][info]["performShellDataMigration: Migration has already been done. Bailing out"]
[720623][1730206905638][main][info]["UpdateHandler~init - Success"]
[720623][1730206905639][main][info]["LeaderSelection: Initialized successfully"]
[720623][1730206905640][main][info]["VersionDependencyService: Initialized successfully"]
[720623][1730206905671][main][info]["shellController~init: Success"]
[720623][1730206905672][main][info]["shellMeta~init: Success"]
[720623][1730206905672][main][info]["partitionMigrationService: State of V7 partition:"]
[720623][1730206905672][main][info]["partitionMigrationService: V7 partitions",[]]
[720623][1730206905673][main][info]["partitionMigrationService~rectifyNamespaceOfScratchPadPartition: There is no partition with scratchpad namespace"]
[720623][1730206905673][main][info]["partitionMigrationService~rectifyNamespaceOfScratchPadPartition: There is no transit partition which could have been used for scratchpad"]
[720623][1730206905673][main][info]["partitionMigrationService~init: Success"]
[720623][1730206905674][main][info]["partitionMigrationService~runV8PartitionsIntegrity: Two way migration~ removing the following partitions from v8",[]]
[720623][1730206905675][main][info]["userPartitionService~getRecentV8UserPartition: recent v8 user context partition ","e086444a-82ef-4729-be0e-97c771c068ea"]
[720623][1730206905675][main][info]["userPartitionService~_rectifyTheActivePartitionOfApplication: Setting the active partition to ","e086444a-82ef-4729-be0e-97c771c068ea"]
[720623][1730206906858][main][info]["GPU detected VID 4318 DID 7817 ACTIVE true"]
[720623][1730206907015][main][info]["userPartitionService~init: Success"]
[720623][1730206907267][main][info]["newAccountRegionPreferenceService~getPreferenceWithFallback - Preference not found in storage."]
[720623][1730206907267][main][info]["newAccountRegionPreferenceService~getToggleMenuTemplate - Using preference:","useUSRegion"]
[720623][1730206907433][main][info]["LinuxAutoUpdater~Cleanup - Initial cleanup successful"]
[720623][1730206907441][main][info]["userPartitionService: State of v8 partition system:"]
[720623][1730206907441][main][info]["shell~init~getPartitionToLoad: loading active partition"]
[720623][1730206907442][main][info]["userPartitionService: List of partitions:",[{"partitionId":"e086444a-82ef-4729-be0e-97c771c068ea","namespace":"users","userId":"39110921","teamId":"0","lastUpdated":"2024-10-18T08:43:09.678Z"},{"partitionId":"f8d8f662-262a-4b8e-a6b7-074fd2f72048","namespace":"scratchPad","userId":0,"teamId":0,"isDirty":false}]]
[720623][1730206907442][main][info]["userPartitionService: users global meta:",{}]
[720623][1730206907442][main][info]["Main:windowManager~newRequesterWindow: Fetch and update runtime config: us"]
[720623][1730206909262][main][info]["Main~getRemoteInitPath:: "]
[720623][1730206909433][main][info]["UpdateHandler~app-update-events - Received event",{"name":"checkForElectronVersionUpdated","namespace":"appUpdate"}]
[720623][1730206909438][main][info]["INTERCEPTOR CONNECTIVITY: Connecting to Interceptor Bridge"]
[720623][1730206909455][main][info]["windowManager: First requester booted successfully."]
[720623][1730206909456][main][info]["windowManager~restoreWindows: Restoring requester windows"]
[720623][1730206909457][main][info]["Main~AppEvents - Received booted event for process requester.Version 11.17.1 UI Version: 11.17.1-ui-241016-0849 Desktop Platform Version: 11.17.0"]
[720623][1730206909598][main][info]["Main~getRemoteInitPath:: "]
[720623][1730206910166][main][info]["INTERCEPTOR CONNECTIVITY: Attempting to start websocket server on port 15611"]
[720623][1730206911829][main][info]["Main - model-events~user - (user, bootstrapUser) received"]
[720623][1730206911829][main][info]["model-events~user - bootstrapUser received"]
[720623][1730206912008][main][info]["Main~getPlatformLaunchPerfMetrics"]
[720623][1730206915091][main][info]["RuntimeIPCAgent~started: Success"]
[720623][1730206915097][main][info]["WindowManager~closeHandler - Closed Window (id: 1 )"]
[720623][1730206915298][main][info]["Quitting app"]
[724888][1730207015380][main][info]["Booting Postman 11.17.0, linux-6.9.3-76060903-generic on x64"]
[724888][1730207015384][main][info]["EventBus~initialize - Success"]
[724888][1730207015387][main][info]["Proxy configuration has not been setup"]
[724888][1730207015387][main][info]["CloudProxyManager~init - Success"]
[724888][1730207015447][main][info]["performShellDataMigration: Migration has already been done. Bailing out"]
[724888][1730207015457][main][info]["UpdateHandler~init - Success"]
[724888][1730207015458][main][info]["LeaderSelection: Initialized successfully"]
[724888][1730207015459][main][info]["VersionDependencyService: Initialized successfully"]
[724888][1730207015463][main][info]["LinuxAutoUpdater~Cleanup - Initial cleanup successful"]
[724888][1730207015470][main][info]["shellController~init: Success"]
[724888][1730207015471][main][info]["shellMeta~init: Success"]
[724888][1730207015471][main][info]["partitionMigrationService: State of V7 partition:"]
[724888][1730207015471][main][info]["partitionMigrationService: V7 partitions",[]]
[724888][1730207015471][main][info]["partitionMigrationService~rectifyNamespaceOfScratchPadPartition: There is no partition with scratchpad namespace"]
[724888][1730207015472][main][info]["partitionMigrationService~rectifyNamespaceOfScratchPadPartition: There is no transit partition which could have been used for scratchpad"]
[724888][1730207015472][main][info]["partitionMigrationService~init: Success"]
[724888][1730207015473][main][info]["partitionMigrationService~runV8PartitionsIntegrity: Two way migration~ removing the following partitions from v8",[]]
[724888][1730207015473][main][info]["userPartitionService~getRecentV8UserPartition: recent v8 user context partition ","e086444a-82ef-4729-be0e-97c771c068ea"]
[724888][1730207015474][main][info]["userPartitionService~_rectifyTheActivePartitionOfApplication: Setting the active partition to ","e086444a-82ef-4729-be0e-97c771c068ea"]
[724888][1730207015495][main][info]["GPU detected VID 4318 DID 7817 ACTIVE true"]
[724888][1730207015498][main][info]["newAccountRegionPreferenceService~getPreferenceWithFallback - Preference not found in storage."]
[724888][1730207015498][main][info]["newAccountRegionPreferenceService~getToggleMenuTemplate - Using preference:","useUSRegion"]
[724888][1730207015503][main][info]["userPartitionService~init: Success"]
[724888][1730207015519][main][info]["userPartitionService: State of v8 partition system:"]
[724888][1730207015520][main][info]["shell~init~getPartitionToLoad: loading active partition"]
[724888][1730207015520][main][info]["userPartitionService: List of partitions:",[{"partitionId":"e086444a-82ef-4729-be0e-97c771c068ea","namespace":"users","userId":"39110921","teamId":"0","lastUpdated":"2024-10-18T08:43:09.678Z"},{"partitionId":"f8d8f662-262a-4b8e-a6b7-074fd2f72048","namespace":"scratchPad","userId":0,"teamId":0,"isDirty":false}]]
[724888][1730207015520][main][info]["userPartitionService: users global meta:",{}]
[724888][1730207015521][main][info]["Main:windowManager~newRequesterWindow: Fetch and update runtime config: us"]
[724888][1730207017482][main][info]["Main~getRemoteInitPath:: "]
[724888][1730207017612][main][info]["UpdateHandler~app-update-events - Received event",{"name":"checkForElectronVersionUpdated","namespace":"appUpdate"}]
[724888][1730207017619][main][info]["INTERCEPTOR CONNECTIVITY: Connecting to Interceptor Bridge"]
[724888][1730207017635][main][info]["windowManager: First requester booted successfully."]
[724888][1730207017636][main][info]["windowManager~restoreWindows: Restoring requester windows"]
[724888][1730207017636][main][info]["Main~AppEvents - Received booted event for process requester.Version 11.17.1 UI Version: 11.17.1-ui-241016-0849 Desktop Platform Version: 11.17.0"]
[724888][1730207017771][main][info]["Main~getRemoteInitPath:: "]
[724888][1730207018189][main][info]["INTERCEPTOR CONNECTIVITY: Attempting to start websocket server on port 15611"]
[724888][1730207019948][main][info]["Main - model-events~user - (user, bootstrapUser) received"]
[724888][1730207019948][main][info]["model-events~user - bootstrapUser received"]
[724888][1730207020153][main][info]["Main~getPlatformLaunchPerfMetrics"]
[724888][1730207022795][main][info]["RuntimeIPCAgent~started: Success"]
[724888][1730207028166][main][info]["UpdateHandler~app-update-events - Received event",{"name":"updateElectron","namespace":"appUpdate","data":{"channel":"stable","version":"11.17.0","downloadVersion":"11.18.0","appId":"7d0eebff-e29d-4ca1-ac21-1d495ddfda47","userAgent":"Mozilla/5.0 (X11; Linux x86_64) AppleWebKit/537.36 (KHTML, like Gecko) Postman/11.17.0 Electron/28.3.1 Safari/537.36","platform":"LINUX","arch":"64","downloadURL":"https://dl.pstmn.io/download/version/11.18.0/linux_64","updateServerDomain":"https://dl.pstmn.io/","additionalParamsString":"installationId=7d0eebff-e29d-4ca1-ac21-1d495ddfda47&userId=39110921&syncEnabled=true&teamPlan=&teamId=0","userId":"39110921"}}]
[724888][1730207028167][main][info]["LinuxUpdater~downloadUpdate - UpdateInfo received",{"channel":"stable","version":"11.17.0","downloadVersion":"11.18.0","appId":"7d0eebff-e29d-4ca1-ac21-1d495ddfda47","userAgent":"Mozilla/5.0 (X11; Linux x86_64) AppleWebKit/537.36 (KHTML, like Gecko) Postman/11.17.0 Electron/28.3.1 Safari/537.36","platform":"LINUX","arch":"64","downloadURL":"https://dl.pstmn.io/download/version/11.18.0/linux_64","updateServerDomain":"https://dl.pstmn.io/","additionalParamsString":"installationId=7d0eebff-e29d-4ca1-ac21-1d495ddfda47&userId=39110921&syncEnabled=true&teamPlan=&teamId=0","userId":"39110921"}]
[724888][1730207125482][main][info]["LinuxAutoUpdater~Extraction completed",{"packageName":"Postman","eID":"Postman-1730207028167","downloadURL":"https://dl.pstmn.io/download/version/11.18.0/linux_64","downloadDirectory":"/opt/Postman","downloadInfo":{"status":"DOWNLOAD_COMPLETED","error":null,"downloadDirectory":"/opt/Postman"},"extractInfo":{"status":"EXTRACTION_SUCCESSFUL","error":null,"extractDirectory":"/opt/Postman","standardOutput":"","standardError":""}}]
[724888][1730207125482][main][info]["@postman/app-updater: Update updateDownloaded","","Postman 11.18.0","","https://dl.pstmn.io/download/version/11.18.0/linux_64"]
[724888][1730207125483][main][info]["UpdateHandler~app-update-events - Received event",{"name":"electronAppUpdateDownloaded","namespace":"appUpdate","data":{"releaseName":"Postman 11.18.0","notes":"","date":"","URL":"https://dl.pstmn.io/download/version/11.18.0/linux_64"}}]
[724888][1730229798033][main][info]["WindowManager~closeHandler - Closed Window (id: 1 )"]
[724888][1730229814768][main][info]["Quitting app"]
[724888][1730229814785][main][info]["Applying update and quit the app"]
[724888][1730229814787][main][info]["@postman/app-updater: quitting app to update"]
[724888][1730229814787][main][info]["LinuxAutoUpdater~quitAndInstall - Initiated"]
[724888][1730229814791][main][info]["LinuxAutoUpdater~quitAndInstall - Quitting for update"]
[36205][1730274500104][main][info]["Booting Postman 11.18.0, linux-6.9.3-76060903-generic on x64"]
[36205][1730274500108][main][info]["EventBus~initialize - Success"]
[36205][1730274500112][main][info]["Proxy configuration has not been setup"]
[36205][1730274500113][main][info]["CloudProxyManager~init - Success"]
[36205][1730274500179][main][info]["performShellDataMigration: Migration has already been done. Bailing out"]
[36205][1730274500188][main][info]["UpdateHandler~init - Success"]
[36205][1730274500189][main][info]["LeaderSelection: Initialized successfully"]
[36205][1730274500190][main][info]["VersionDependencyService: Initialized successfully"]
[36205][1730274500211][main][info]["shellController~init: Success"]
[36205][1730274500212][main][info]["shellMeta~init: Success"]
[36205][1730274500212][main][info]["partitionMigrationService: State of V7 partition:"]
[36205][1730274500212][main][info]["partitionMigrationService: V7 partitions",[]]
[36205][1730274500213][main][info]["partitionMigrationService~rectifyNamespaceOfScratchPadPartition: There is no partition with scratchpad namespace"]
[36205][1730274500213][main][info]["partitionMigrationService~rectifyNamespaceOfScratchPadPartition: There is no transit partition which could have been used for scratchpad"]
[36205][1730274500213][main][info]["partitionMigrationService~init: Success"]
[36205][1730274500214][main][info]["partitionMigrationService~runV8PartitionsIntegrity: Two way migration~ removing the following partitions from v8",[]]
[36205][1730274500215][main][info]["userPartitionService~getRecentV8UserPartition: recent v8 user context partition ","e086444a-82ef-4729-be0e-97c771c068ea"]
[36205][1730274500215][main][info]["userPartitionService~_rectifyTheActivePartitionOfApplication: Setting the active partition to ","e086444a-82ef-4729-be0e-97c771c068ea"]
[36205][1730274500950][main][info]["GPU detected VID 4318 DID 7817 ACTIVE true"]
[36205][1730274501146][main][info]["userPartitionService~init: Success"]
[36205][1730274501349][main][info]["newAccountRegionPreferenceService~getPreferenceWithFallback - Preference not found in storage."]
[36205][1730274501350][main][info]["newAccountRegionPreferenceService~getToggleMenuTemplate - Using preference:","useUSRegion"]
[36205][1730274501578][main][info]["LinuxAutoUpdater~Cleanup - Initial cleanup successful"]
[36205][1730274501583][main][info]["userPartitionService: State of v8 partition system:"]
[36205][1730274501583][main][info]["shell~init~getPartitionToLoad: loading active partition"]
[36205][1730274501584][main][info]["userPartitionService: List of partitions:",[{"partitionId":"e086444a-82ef-4729-be0e-97c771c068ea","namespace":"users","userId":"39110921","teamId":"0","lastUpdated":"2024-10-18T08:43:09.678Z"},{"partitionId":"f8d8f662-262a-4b8e-a6b7-074fd2f72048","namespace":"scratchPad","userId":0,"teamId":0,"isDirty":false}]]
[36205][1730274501584][main][info]["userPartitionService: users global meta:",{}]
[36205][1730274501584][main][info]["Main:windowManager~newRequesterWindow: Fetch and update runtime config: us"]
[36205][1730274503732][main][info]["Main~getRemoteInitPath:: "]
[36205][1730274504055][main][info]["UpdateHandler~app-update-events - Received event",{"name":"checkForElectronVersionUpdated","namespace":"appUpdate"}]
[36205][1730274504056][main][info]["@postman/app-updater: version Updated","11.17.0","11.18.0"]
[36205][1730274504057][main][info]["UpdateHandler~app-update-events - Received event",{"name":"electronVersionUpdated","namespace":"appUpdate","data":{"lastKnownVersion":"11.17.0","currentVersion":"11.18.0"}}]
[36205][1730274504060][main][info]["INTERCEPTOR CONNECTIVITY: Connecting to Interceptor Bridge"]
[36205][1730274504078][main][info]["windowManager: First requester booted successfully."]
[36205][1730274504078][main][info]["windowManager~restoreWindows: Restoring requester windows"]
[36205][1730274504078][main][info]["Main~AppEvents - Received booted event for process requester.Version 11.18.0 UI Version: 11.18.0-ui-241015-0634 Desktop Platform Version: 11.18.0"]
[36205][1730274504224][main][info]["Main~getRemoteInitPath:: "]
[36205][1730274504619][main][info]["Main~getPlatformLaunchPerfMetrics"]
[36205][1730274509737][main][info]["RuntimeIPCAgent~started: Success"]
[36205][1730274510077][main][info]["INTERCEPTOR CONNECTIVITY: Attempting to start websocket server on port 15611"]
[36205][1730274510748][main][info]["Main - model-events~user - (user, bootstrapUser) received"]
[36205][1730274510748][main][info]["model-events~user - bootstrapUser received"]
